<?xml version="1.0" encoding="UTF-8"?>
<testng-results ignored="0" total="1" passed="1" failed="0" skipped="0">
  <reporter-output>
  </reporter-output>
  <suite started-at="2024-08-25T19:48:03 IST" name="Default suite" finished-at="2024-08-25T19:48:11 IST" duration-ms="8093">
    <groups>
    </groups>
    <test started-at="2024-08-25T19:48:03 IST" name="Default test" finished-at="2024-08-25T19:48:11 IST" duration-ms="8093">
      <class name="SampleTestNG.FileUpload">
        <test-method signature="setUp()[pri:0, instance:SampleTestNG.FileUpload@45099dd3]" started-at="2024-08-25T19:48:03 IST" name="setUp" finished-at="2024-08-25T19:48:11 IST" duration-ms="8053" status="PASS">
          <reporter-output>
          </reporter-output>
        </test-method> <!-- setUp -->
      </class> <!-- SampleTestNG.FileUpload -->
    </test> <!-- Default test -->
  </suite> <!-- Default suite -->
</testng-results>
